2017-09-25 16:20:50,925 Performance - ---------------------------------------------------
CPU Usage: 0.00%, Physical Memory Usage: 37,076,992.00, Total Thread Count: 21
AvailableWorkingThreads: 32766, AvailableCompletionPortThreads: 1000
MaxWorkingThreads: 32767, MaxCompletionPortThreads: 1000
GameService ----------------------------------
Started Time: 2017/9/25 16:20:50
Is Running: True
Total Connections: 0
Maximum Allowed Connection Number: 1000
Total Handled Requests: 0
Request Handling Speed (#/second): 0
Avialable Sending Queue Items: 256
Total Sending Queue Items: 256

2017-09-25 16:21:50,878 Performance - ---------------------------------------------------
CPU Usage: 0.04%, Physical Memory Usage: 39,530,496.00, Total Thread Count: 28
AvailableWorkingThreads: 32766, AvailableCompletionPortThreads: 1000
MaxWorkingThreads: 32767, MaxCompletionPortThreads: 1000
GameService ----------------------------------
Started Time: 2017/9/25 16:20:50
Is Running: True
Total Connections: 1
Maximum Allowed Connection Number: 1000
Total Handled Requests: 1
Request Handling Speed (#/second): 0
Avialable Sending Queue Items: 255
Total Sending Queue Items: 256

2017-09-25 16:22:50,895 Performance - ---------------------------------------------------
CPU Usage: 0.00%, Physical Memory Usage: 39,628,800.00, Total Thread Count: 26
AvailableWorkingThreads: 32766, AvailableCompletionPortThreads: 1000
MaxWorkingThreads: 32767, MaxCompletionPortThreads: 1000
GameService ----------------------------------
Started Time: 2017/9/25 16:20:50
Is Running: True
Total Connections: 1
Maximum Allowed Connection Number: 1000
Total Handled Requests: 1
Request Handling Speed (#/second): 0
Avialable Sending Queue Items: 255
Total Sending Queue Items: 256

2017-09-25 16:23:50,906 Performance - ---------------------------------------------------
CPU Usage: 0.00%, Physical Memory Usage: 39,661,568.00, Total Thread Count: 26
AvailableWorkingThreads: 32766, AvailableCompletionPortThreads: 1000
MaxWorkingThreads: 32767, MaxCompletionPortThreads: 1000
GameService ----------------------------------
Started Time: 2017/9/25 16:20:50
Is Running: True
Total Connections: 1
Maximum Allowed Connection Number: 1000
Total Handled Requests: 1
Request Handling Speed (#/second): 0
Avialable Sending Queue Items: 255
Total Sending Queue Items: 256

2017-09-25 16:24:50,929 Performance - ---------------------------------------------------
CPU Usage: 0.00%, Physical Memory Usage: 39,747,584.00, Total Thread Count: 26
AvailableWorkingThreads: 32766, AvailableCompletionPortThreads: 1000
MaxWorkingThreads: 32767, MaxCompletionPortThreads: 1000
GameService ----------------------------------
Started Time: 2017/9/25 16:20:50
Is Running: True
Total Connections: 1
Maximum Allowed Connection Number: 1000
Total Handled Requests: 1
Request Handling Speed (#/second): 0
Avialable Sending Queue Items: 255
Total Sending Queue Items: 256

2017-09-25 16:25:50,937 Performance - ---------------------------------------------------
CPU Usage: 0.01%, Physical Memory Usage: 40,861,696.00, Total Thread Count: 29
AvailableWorkingThreads: 32766, AvailableCompletionPortThreads: 1000
MaxWorkingThreads: 32767, MaxCompletionPortThreads: 1000
GameService ----------------------------------
Started Time: 2017/9/25 16:20:50
Is Running: True
Total Connections: 0
Maximum Allowed Connection Number: 1000
Total Handled Requests: 2
Request Handling Speed (#/second): 0
Avialable Sending Queue Items: 256
Total Sending Queue Items: 256

2017-09-25 16:26:50,954 Performance - ---------------------------------------------------
CPU Usage: 0.00%, Physical Memory Usage: 41,115,648.00, Total Thread Count: 29
AvailableWorkingThreads: 32766, AvailableCompletionPortThreads: 1000
MaxWorkingThreads: 32767, MaxCompletionPortThreads: 1000
GameService ----------------------------------
Started Time: 2017/9/25 16:20:50
Is Running: True
Total Connections: 0
Maximum Allowed Connection Number: 1000
Total Handled Requests: 2
Request Handling Speed (#/second): 0
Avialable Sending Queue Items: 256
Total Sending Queue Items: 256

2017-09-25 16:27:50,965 Performance - ---------------------------------------------------
CPU Usage: 0.00%, Physical Memory Usage: 41,504,768.00, Total Thread Count: 26
AvailableWorkingThreads: 32766, AvailableCompletionPortThreads: 1000
MaxWorkingThreads: 32767, MaxCompletionPortThreads: 1000
GameService ----------------------------------
Started Time: 2017/9/25 16:20:50
Is Running: True
Total Connections: 0
Maximum Allowed Connection Number: 1000
Total Handled Requests: 2
Request Handling Speed (#/second): 0
Avialable Sending Queue Items: 256
Total Sending Queue Items: 256

2017-09-25 16:28:50,977 Performance - ---------------------------------------------------
CPU Usage: 0.00%, Physical Memory Usage: 41,959,424.00, Total Thread Count: 26
AvailableWorkingThreads: 32766, AvailableCompletionPortThreads: 1000
MaxWorkingThreads: 32767, MaxCompletionPortThreads: 1000
GameService ----------------------------------
Started Time: 2017/9/25 16:20:50
Is Running: True
Total Connections: 0
Maximum Allowed Connection Number: 1000
Total Handled Requests: 2
Request Handling Speed (#/second): 0
Avialable Sending Queue Items: 256
Total Sending Queue Items: 256

2017-09-25 16:29:51,000 Performance - ---------------------------------------------------
CPU Usage: 0.00%, Physical Memory Usage: 42,172,416.00, Total Thread Count: 26
AvailableWorkingThreads: 32766, AvailableCompletionPortThreads: 1000
MaxWorkingThreads: 32767, MaxCompletionPortThreads: 1000
GameService ----------------------------------
Started Time: 2017/9/25 16:20:50
Is Running: True
Total Connections: 0
Maximum Allowed Connection Number: 1000
Total Handled Requests: 2
Request Handling Speed (#/second): 0
Avialable Sending Queue Items: 256
Total Sending Queue Items: 256

2017-09-25 16:30:51,005 Performance - ---------------------------------------------------
CPU Usage: 0.00%, Physical Memory Usage: 42,631,168.00, Total Thread Count: 26
AvailableWorkingThreads: 32766, AvailableCompletionPortThreads: 1000
MaxWorkingThreads: 32767, MaxCompletionPortThreads: 1000
GameService ----------------------------------
Started Time: 2017/9/25 16:20:50
Is Running: True
Total Connections: 0
Maximum Allowed Connection Number: 1000
Total Handled Requests: 2
Request Handling Speed (#/second): 0
Avialable Sending Queue Items: 256
Total Sending Queue Items: 256

2017-09-25 16:31:51,026 Performance - ---------------------------------------------------
CPU Usage: 0.00%, Physical Memory Usage: 43,180,032.00, Total Thread Count: 27
AvailableWorkingThreads: 32766, AvailableCompletionPortThreads: 1000
MaxWorkingThreads: 32767, MaxCompletionPortThreads: 1000
GameService ----------------------------------
Started Time: 2017/9/25 16:20:50
Is Running: True
Total Connections: 0
Maximum Allowed Connection Number: 1000
Total Handled Requests: 2
Request Handling Speed (#/second): 0
Avialable Sending Queue Items: 256
Total Sending Queue Items: 256

2017-09-25 16:32:51,041 Performance - ---------------------------------------------------
CPU Usage: 0.00%, Physical Memory Usage: 43,634,688.00, Total Thread Count: 27
AvailableWorkingThreads: 32766, AvailableCompletionPortThreads: 1000
MaxWorkingThreads: 32767, MaxCompletionPortThreads: 1000
GameService ----------------------------------
Started Time: 2017/9/25 16:20:50
Is Running: True
Total Connections: 0
Maximum Allowed Connection Number: 1000
Total Handled Requests: 2
Request Handling Speed (#/second): 0
Avialable Sending Queue Items: 256
Total Sending Queue Items: 256

2017-09-25 16:33:51,055 Performance - ---------------------------------------------------
CPU Usage: 0.00%, Physical Memory Usage: 44,072,960.00, Total Thread Count: 26
AvailableWorkingThreads: 32766, AvailableCompletionPortThreads: 1000
MaxWorkingThreads: 32767, MaxCompletionPortThreads: 1000
GameService ----------------------------------
Started Time: 2017/9/25 16:20:50
Is Running: True
Total Connections: 0
Maximum Allowed Connection Number: 1000
Total Handled Requests: 2
Request Handling Speed (#/second): 0
Avialable Sending Queue Items: 256
Total Sending Queue Items: 256

2017-09-25 16:34:51,071 Performance - ---------------------------------------------------
CPU Usage: 0.00%, Physical Memory Usage: 44,646,400.00, Total Thread Count: 26
AvailableWorkingThreads: 32766, AvailableCompletionPortThreads: 1000
MaxWorkingThreads: 32767, MaxCompletionPortThreads: 1000
GameService ----------------------------------
Started Time: 2017/9/25 16:20:50
Is Running: True
Total Connections: 1
Maximum Allowed Connection Number: 1000
Total Handled Requests: 2
Request Handling Speed (#/second): 0
Avialable Sending Queue Items: 255
Total Sending Queue Items: 256

2017-09-25 18:06:31,025 Performance - ---------------------------------------------------
CPU Usage: 0.00%, Physical Memory Usage: 38,227,968.00, Total Thread Count: 21
AvailableWorkingThreads: 32766, AvailableCompletionPortThreads: 1000
MaxWorkingThreads: 32767, MaxCompletionPortThreads: 1000
GameService ----------------------------------
Started Time: 2017/9/25 18:06:30
Is Running: True
Total Connections: 0
Maximum Allowed Connection Number: 1000
Total Handled Requests: 0
Request Handling Speed (#/second): 0
Avialable Sending Queue Items: 256
Total Sending Queue Items: 256

2017-09-25 18:07:30,976 Performance - ---------------------------------------------------
CPU Usage: 0.04%, Physical Memory Usage: 41,119,744.00, Total Thread Count: 29
AvailableWorkingThreads: 32766, AvailableCompletionPortThreads: 1000
MaxWorkingThreads: 32767, MaxCompletionPortThreads: 1000
GameService ----------------------------------
Started Time: 2017/9/25 18:06:30
Is Running: True
Total Connections: 1
Maximum Allowed Connection Number: 1000
Total Handled Requests: 3
Request Handling Speed (#/second): 0
Avialable Sending Queue Items: 255
Total Sending Queue Items: 256

2017-09-25 18:08:30,997 Performance - ---------------------------------------------------
CPU Usage: 0.00%, Physical Memory Usage: 41,299,968.00, Total Thread Count: 26
AvailableWorkingThreads: 32766, AvailableCompletionPortThreads: 1000
MaxWorkingThreads: 32767, MaxCompletionPortThreads: 1000
GameService ----------------------------------
Started Time: 2017/9/25 18:06:30
Is Running: True
Total Connections: 1
Maximum Allowed Connection Number: 1000
Total Handled Requests: 5
Request Handling Speed (#/second): 0
Avialable Sending Queue Items: 255
Total Sending Queue Items: 256

